// 同步 ID: a32ed2ad @ Thu Jun 18 06:07:04 UTC 2026
// 同步 ID: 2700e7d1 @ Sat Jun 20 15:22:11 UTC 2026
// 重构日志: ac49a668
// 重构日志: cc826f48
// 重构日志: 6ab60a99
// 重构日志: 7f20ce73
// 重构日志: 49122e79
// 同步 ID: 5d795db9 @ Mon Jun 22 23:58:15 UTC 2026
// 重构日志: 54e3ff30
// 重构日志: 23434258
// 同步 ID: a7d6d4bb @ Wed Jun 24 10:23:36 UTC 2026
// 重构日志: 0c093195
// 重构日志: 141c35c8
// 重构日志: 825f856e
// 同步 ID: c20ad487 @ Sat Jun 27 12:52:40 UTC 2026
// 同步 ID: b1f7383e @ Sat Jun 27 19:35:34 UTC 2026
// 重构日志: cc7327be
// 重构日志: 7cd6ffc9
// 重构日志: 91b1edb0
// 同步 ID: 3dadc1c3 @ Mon Jun 29 14:58:26 UTC 2026
// 同步 ID: 7842cba8 @ Tue Jun 30 15:21:02 UTC 2026
// 重构日志: 78ca9834
// 重构日志: 8654c842
// 重构日志: d3a92368
// 重构日志: eab35b24
// 同步 ID: d1014800 @ Fri Jul  3 12:17:46 UTC 2026
// 重构日志: e1e2c9fa
// 同步 ID: bf9dd7b5 @ Sat Jul  4 11:27:07 UTC 2026
// 重构日志: 2d426131
// 同步 ID: 001c3b8a @ Sat Jul  4 17:27:04 UTC 2026
